<?xml version="1.0" encoding="UTF-8"?>
<testng-results skipped="0" failed="1" ignored="0" total="7" passed="6">
  <reporter-output>
  </reporter-output>
  <suite name="Suite" duration-ms="24768" started-at="2019-10-21T21:21:45Z" finished-at="2019-10-21T21:22:10Z">
    <groups>
    </groups>
    <test name="ShoppingPortalLoginTest" duration-ms="14699" started-at="2019-10-21T21:21:45Z" finished-at="2019-10-21T21:22:00Z">
      <class name="com.testautomation.ui.ShoppingPortalLoginTest">
        <test-method status="PASS" signature="setupTest(java.lang.String, java.lang.String)[pri:0, instance:com.testautomation.ui.ShoppingPortalLoginTest@20e2cbe0]" name="setupTest" is-config="true" duration-ms="6640" started-at="2019-10-21T21:21:45Z" finished-at="2019-10-21T21:21:52Z">
          <params>
            <param index="0">
              <value>
                <![CDATA[chrome]]>
              </value>
            </param>
            <param index="1">
              <value>
                <![CDATA[http://automationpractice.com/index.php]]>
              </value>
            </param>
          </params>
          <reporter-output>
          </reporter-output>
        </test-method> <!-- setupTest -->
        <test-method status="PASS" signature="loginInTest(java.lang.String, java.lang.String, java.lang.String, java.lang.String, java.lang.String, java.lang.String, java.lang.String)[pri:0, instance:com.testautomation.ui.ShoppingPortalLoginTest@20e2cbe0]" name="loginInTest" duration-ms="4302" started-at="2019-10-21T21:21:53Z" data-provider="ShoppingPortal" finished-at="2019-10-21T21:21:57Z">
          <params>
            <param index="0">
              <value>
                <![CDATA[Faded Short Sleeve T-shirts]]>
              </value>
            </param>
            <param index="1">
              <value>
                <![CDATA[3]]>
              </value>
            </param>
            <param index="2">
              <value>
                <![CDATA[L]]>
              </value>
            </param>
            <param index="3">
              <value>
                <![CDATA[himanshuarora323@gmail.com]]>
              </value>
            </param>
            <param index="4">
              <value>
                <![CDATA[QA90qa90]]>
              </value>
            </param>
            <param index="5">
              <value>
                <![CDATA[Test]]>
              </value>
            </param>
            <param index="6">
              <value>
                <![CDATA[ABC]]>
              </value>
            </param>
          </params>
          <reporter-output>
          </reporter-output>
        </test-method> <!-- loginInTest -->
        <test-method status="PASS" signature="clickLogout()[pri:0, instance:com.testautomation.ui.ShoppingPortalLoginTest@20e2cbe0]" name="clickLogout" is-config="true" duration-ms="3008" started-at="2019-10-21T21:21:57Z" finished-at="2019-10-21T21:22:00Z">
          <reporter-output>
          </reporter-output>
        </test-method> <!-- clickLogout -->
        <test-method status="PASS" signature="CloseBrowser()[pri:0, instance:com.testautomation.ui.ShoppingPortalLoginTest@20e2cbe0]" name="CloseBrowser" is-config="true" duration-ms="124" started-at="2019-10-21T21:22:00Z" depends-on-methods="com.testautomation.ui.ShoppingPortalLoginTest.clickLogout" finished-at="2019-10-21T21:22:00Z">
          <reporter-output>
          </reporter-output>
        </test-method> <!-- CloseBrowser -->
      </class> <!-- com.testautomation.ui.ShoppingPortalLoginTest -->
    </test> <!-- ShoppingPortalLoginTest -->
    <test name="ShoppingPortalRegistrationTest" duration-ms="14896" started-at="2019-10-21T21:21:45Z" finished-at="2019-10-21T21:22:00Z">
      <class name="com.testautomation.ui.ShoppingPortalRegistrationTest">
        <test-method status="PASS" signature="setupTest(java.lang.String, java.lang.String)[pri:0, instance:com.testautomation.ui.ShoppingPortalRegistrationTest@6d8a00e3]" name="setupTest" is-config="true" duration-ms="5223" started-at="2019-10-21T21:21:45Z" finished-at="2019-10-21T21:21:51Z">
          <params>
            <param index="0">
              <value>
                <![CDATA[chrome]]>
              </value>
            </param>
            <param index="1">
              <value>
                <![CDATA[http://automationpractice.com/index.php]]>
              </value>
            </param>
          </params>
          <reporter-output>
          </reporter-output>
        </test-method> <!-- setupTest -->
        <test-method status="PASS" signature="registrationForShoppingPortal()[pri:0, instance:com.testautomation.ui.ShoppingPortalRegistrationTest@6d8a00e3]" name="registrationForShoppingPortal" duration-ms="6638" started-at="2019-10-21T21:21:51Z" finished-at="2019-10-21T21:21:57Z">
          <reporter-output>
          </reporter-output>
        </test-method> <!-- registrationForShoppingPortal -->
        <test-method status="PASS" signature="clickLogout()[pri:0, instance:com.testautomation.ui.ShoppingPortalRegistrationTest@6d8a00e3]" name="clickLogout" is-config="true" duration-ms="2918" started-at="2019-10-21T21:21:57Z" finished-at="2019-10-21T21:22:00Z">
          <reporter-output>
          </reporter-output>
        </test-method> <!-- clickLogout -->
        <test-method status="PASS" signature="CloseBrowser()[pri:0, instance:com.testautomation.ui.ShoppingPortalRegistrationTest@6d8a00e3]" name="CloseBrowser" is-config="true" duration-ms="105" started-at="2019-10-21T21:22:00Z" depends-on-methods="com.testautomation.ui.ShoppingPortalRegistrationTest.clickLogout" finished-at="2019-10-21T21:22:00Z">
          <reporter-output>
          </reporter-output>
        </test-method> <!-- CloseBrowser -->
      </class> <!-- com.testautomation.ui.ShoppingPortalRegistrationTest -->
    </test> <!-- ShoppingPortalRegistrationTest -->
    <test name="ShoppingPortalCheckoutTest" duration-ms="24768" started-at="2019-10-21T21:21:45Z" finished-at="2019-10-21T21:22:10Z">
      <class name="com.testautomation.ui.ShoppingPortalCheckoutTest">
        <test-method status="PASS" signature="setupTest(java.lang.String, java.lang.String)[pri:0, instance:com.testautomation.ui.ShoppingPortalCheckoutTest@4cc0edeb]" name="setupTest" is-config="true" duration-ms="6720" started-at="2019-10-21T21:21:45Z" finished-at="2019-10-21T21:21:52Z">
          <params>
            <param index="0">
              <value>
                <![CDATA[chrome]]>
              </value>
            </param>
            <param index="1">
              <value>
                <![CDATA[http://automationpractice.com/index.php]]>
              </value>
            </param>
          </params>
          <reporter-output>
          </reporter-output>
        </test-method> <!-- setupTest -->
        <test-method status="PASS" signature="orderProcessing_CheckoutTest(java.lang.String, java.lang.String, java.lang.String, java.lang.String, java.lang.String, java.lang.String, java.lang.String)[pri:0, instance:com.testautomation.ui.ShoppingPortalCheckoutTest@4cc0edeb]" name="orderProcessing_CheckoutTest" duration-ms="15769" started-at="2019-10-21T21:21:53Z" data-provider="ShoppingPortal" finished-at="2019-10-21T21:22:08Z">
          <params>
            <param index="0">
              <value>
                <![CDATA[Faded Short Sleeve T-shirts]]>
              </value>
            </param>
            <param index="1">
              <value>
                <![CDATA[3]]>
              </value>
            </param>
            <param index="2">
              <value>
                <![CDATA[L]]>
              </value>
            </param>
            <param index="3">
              <value>
                <![CDATA[himanshuarora323@gmail.com]]>
              </value>
            </param>
            <param index="4">
              <value>
                <![CDATA[QA90qa90]]>
              </value>
            </param>
            <param index="5">
              <value>
                <![CDATA[Test]]>
              </value>
            </param>
            <param index="6">
              <value>
                <![CDATA[ABC]]>
              </value>
            </param>
          </params>
          <reporter-output>
          </reporter-output>
        </test-method> <!-- orderProcessing_CheckoutTest -->
        <test-method status="PASS" signature="clickLogout()[pri:0, instance:com.testautomation.ui.ShoppingPortalCheckoutTest@4cc0edeb]" name="clickLogout" is-config="true" duration-ms="1625" started-at="2019-10-21T21:22:08Z" finished-at="2019-10-21T21:22:10Z">
          <reporter-output>
          </reporter-output>
        </test-method> <!-- clickLogout -->
        <test-method status="PASS" signature="CloseBrowser()[pri:0, instance:com.testautomation.ui.ShoppingPortalCheckoutTest@4cc0edeb]" name="CloseBrowser" is-config="true" duration-ms="112" started-at="2019-10-21T21:22:10Z" depends-on-methods="com.testautomation.ui.ShoppingPortalCheckoutTest.clickLogout" finished-at="2019-10-21T21:22:10Z">
          <reporter-output>
          </reporter-output>
        </test-method> <!-- CloseBrowser -->
      </class> <!-- com.testautomation.ui.ShoppingPortalCheckoutTest -->
    </test> <!-- ShoppingPortalCheckoutTest -->
  </suite> <!-- Suite -->
  <suite name="SuiteAPI" duration-ms="3446" started-at="2019-10-21T21:22:10Z" finished-at="2019-10-21T21:22:14Z">
    <groups>
    </groups>
    <test name="GetAllCountriesTest" duration-ms="2191" started-at="2019-10-21T21:22:10Z" finished-at="2019-10-21T21:22:12Z">
      <class name="com.testautomation.apitest.GetAllCountriesTest">
        <test-method status="PASS" signature="setupTest()[pri:0, instance:com.testautomation.apitest.GetAllCountriesTest@cc285f4]" name="setupTest" is-config="true" duration-ms="1" started-at="2019-10-21T21:22:10Z" finished-at="2019-10-21T21:22:10Z">
          <reporter-output>
          </reporter-output>
        </test-method> <!-- setupTest -->
        <test-method status="PASS" signature="getAllCountriesAndValidate()[pri:0, instance:com.testautomation.apitest.GetAllCountriesTest@cc285f4]" name="getAllCountriesAndValidate" duration-ms="2188" started-at="2019-10-21T21:22:10Z" finished-at="2019-10-21T21:22:12Z">
          <reporter-output>
          </reporter-output>
        </test-method> <!-- getAllCountriesAndValidate -->
        <test-method status="PASS" signature="teardown()[pri:0, instance:com.testautomation.apitest.GetAllCountriesTest@cc285f4]" name="teardown" is-config="true" duration-ms="0" started-at="2019-10-21T21:22:12Z" finished-at="2019-10-21T21:22:12Z">
          <reporter-output>
          </reporter-output>
        </test-method> <!-- teardown -->
      </class> <!-- com.testautomation.apitest.GetAllCountriesTest -->
    </test> <!-- GetAllCountriesTest -->
    <test name="GetCountryByAlphaCodeTest" duration-ms="321" started-at="2019-10-21T21:22:12Z" finished-at="2019-10-21T21:22:13Z">
      <class name="com.testautomation.apitest.GetCountryByAlphaCodeTest">
        <test-method status="PASS" signature="setupTest()[pri:0, instance:com.testautomation.apitest.GetCountryByAlphaCodeTest@1d057a39]" name="setupTest" is-config="true" duration-ms="1" started-at="2019-10-21T21:22:12Z" finished-at="2019-10-21T21:22:12Z">
          <reporter-output>
          </reporter-output>
        </test-method> <!-- setupTest -->
        <test-method status="PASS" signature="getCountryByAlphaCodeAndValidateResponse()[pri:0, instance:com.testautomation.apitest.GetCountryByAlphaCodeTest@1d057a39]" name="getCountryByAlphaCodeAndValidateResponse" duration-ms="320" started-at="2019-10-21T21:22:12Z" finished-at="2019-10-21T21:22:13Z">
          <reporter-output>
          </reporter-output>
        </test-method> <!-- getCountryByAlphaCodeAndValidateResponse -->
        <test-method status="PASS" signature="teardown()[pri:0, instance:com.testautomation.apitest.GetCountryByAlphaCodeTest@1d057a39]" name="teardown" is-config="true" duration-ms="0" started-at="2019-10-21T21:22:13Z" finished-at="2019-10-21T21:22:13Z">
          <reporter-output>
          </reporter-output>
        </test-method> <!-- teardown -->
      </class> <!-- com.testautomation.apitest.GetCountryByAlphaCodeTest -->
    </test> <!-- GetCountryByAlphaCodeTest -->
    <test name="GetCountryByNameWithInvalidData" duration-ms="256" started-at="2019-10-21T21:22:13Z" finished-at="2019-10-21T21:22:13Z">
      <class name="com.testautomation.apitest.GetCountryByNameWithInvalidData">
        <test-method status="PASS" signature="setupTest()[pri:0, instance:com.testautomation.apitest.GetCountryByNameWithInvalidData@59fa1d9b]" name="setupTest" is-config="true" duration-ms="1" started-at="2019-10-21T21:22:13Z" finished-at="2019-10-21T21:22:13Z">
          <reporter-output>
          </reporter-output>
        </test-method> <!-- setupTest -->
        <test-method status="PASS" signature="validateInvalidCountryResponse()[pri:0, instance:com.testautomation.apitest.GetCountryByNameWithInvalidData@59fa1d9b]" name="validateInvalidCountryResponse" duration-ms="254" started-at="2019-10-21T21:22:13Z" finished-at="2019-10-21T21:22:13Z">
          <reporter-output>
          </reporter-output>
        </test-method> <!-- validateInvalidCountryResponse -->
        <test-method status="PASS" signature="teardown()[pri:0, instance:com.testautomation.apitest.GetCountryByNameWithInvalidData@59fa1d9b]" name="teardown" is-config="true" duration-ms="1" started-at="2019-10-21T21:22:13Z" finished-at="2019-10-21T21:22:13Z">
          <reporter-output>
          </reporter-output>
        </test-method> <!-- teardown -->
      </class> <!-- com.testautomation.apitest.GetCountryByNameWithInvalidData -->
    </test> <!-- GetCountryByNameWithInvalidData -->
    <test name="PostCountryTest_APINotYetDeveloped" duration-ms="561" started-at="2019-10-21T21:22:13Z" finished-at="2019-10-21T21:22:14Z">
      <class name="com.testautomation.apitest.PostCountryTest">
        <test-method status="PASS" signature="setupTest()[pri:0, instance:com.testautomation.apitest.PostCountryTest@3ffc5af1]" name="setupTest" is-config="true" duration-ms="0" started-at="2019-10-21T21:22:13Z" finished-at="2019-10-21T21:22:13Z">
          <reporter-output>
          </reporter-output>
        </test-method> <!-- setupTest -->
        <test-method status="FAIL" signature="postCountry()[pri:0, instance:com.testautomation.apitest.PostCountryTest@3ffc5af1]" name="postCountry" duration-ms="552" started-at="2019-10-21T21:22:13Z" finished-at="2019-10-21T21:22:14Z">
          <exception class="java.lang.AssertionError">
            <message>
              <![CDATA[2 expectations failed.
Expected status code <200> but was <404>.

Expected header "Content-Type" was not "application/json;charset=utf-8", was "null". Headers are:
Date=Mon, 21 Oct 2019 21:22:15 GMT
Content-Length=0
Connection=keep-alive
Set-Cookie=__cfduid=dd98c85b93f547a019f1357f2f417822b1571692935; expires=Tue, 20-Oct-20 21:22:15 GMT; path=/; domain=.restcountries.eu; HttpOnly
Access-Control-Allow-Origin=*
Access-Control-Allow-Methods=GET
Access-Control-Allow-Headers=Accept, X-Requested-With
Cache-Control=public, max-age=86400
CF-Cache-Status=DYNAMIC
Expect-CT=max-age=604800, report-uri="https://report-uri.cloudflare.com/cdn-cgi/beacon/expect-ct"
Server=cloudflare
CF-RAY=5296493109b9bbca-LHR
]]>
            </message>
            <full-stacktrace>
              <![CDATA[java.lang.AssertionError: 2 expectations failed.
Expected status code <200> but was <404>.

Expected header "Content-Type" was not "application/json;charset=utf-8", was "null". Headers are:
Date=Mon, 21 Oct 2019 21:22:15 GMT
Content-Length=0
Connection=keep-alive
Set-Cookie=__cfduid=dd98c85b93f547a019f1357f2f417822b1571692935; expires=Tue, 20-Oct-20 21:22:15 GMT; path=/; domain=.restcountries.eu; HttpOnly
Access-Control-Allow-Origin=*
Access-Control-Allow-Methods=GET
Access-Control-Allow-Headers=Accept, X-Requested-With
Cache-Control=public, max-age=86400
CF-Cache-Status=DYNAMIC
Expect-CT=max-age=604800, report-uri="https://report-uri.cloudflare.com/cdn-cgi/beacon/expect-ct"
Server=cloudflare
CF-RAY=5296493109b9bbca-LHR

at sun.reflect.NativeConstructorAccessorImpl.newInstance0(Native Method)
at sun.reflect.NativeConstructorAccessorImpl.newInstance(NativeConstructorAccessorImpl.java:62)
at sun.reflect.DelegatingConstructorAccessorImpl.newInstance(DelegatingConstructorAccessorImpl.java:45)
at java.lang.reflect.Constructor.newInstance(Constructor.java:423)
at org.codehaus.groovy.reflection.CachedConstructor.invoke(CachedConstructor.java:83)
at org.codehaus.groovy.reflection.CachedConstructor.doConstructorInvoke(CachedConstructor.java:77)
at org.codehaus.groovy.runtime.callsite.ConstructorSite$ConstructorSiteNoUnwrap.callConstructor(ConstructorSite.java:84)
at org.codehaus.groovy.runtime.callsite.CallSiteArray.defaultCallConstructor(CallSiteArray.java:60)
at org.codehaus.groovy.runtime.callsite.AbstractCallSite.callConstructor(AbstractCallSite.java:235)
at org.codehaus.groovy.runtime.callsite.AbstractCallSite.callConstructor(AbstractCallSite.java:247)
at io.restassured.internal.ResponseSpecificationImpl$HamcrestAssertionClosure.validate(ResponseSpecificationImpl.groovy:471)
at io.restassured.internal.ResponseSpecificationImpl$HamcrestAssertionClosure$validate$1.call(Unknown Source)
at io.restassured.internal.ResponseSpecificationImpl.validate(ResponseSpecificationImpl.groovy:88)
at io.restassured.internal.ValidatableResponseOptionsImpl.specification(ValidatableResponseOptionsImpl.java:311)
at io.restassured.internal.ValidatableResponseOptionsImpl.spec(ValidatableResponseOptionsImpl.java:292)
at restAPI.PostAPI.postCountry(PostAPI.java:20)
at com.testautomation.apitest.PostCountryTest.postCountry(PostCountryTest.java:40)
at sun.reflect.NativeMethodAccessorImpl.invoke0(Native Method)
at sun.reflect.NativeMethodAccessorImpl.invoke(NativeMethodAccessorImpl.java:62)
at sun.reflect.DelegatingMethodAccessorImpl.invoke(DelegatingMethodAccessorImpl.java:43)
at java.lang.reflect.Method.invoke(Method.java:498)
at org.testng.internal.MethodInvocationHelper.invokeMethod(MethodInvocationHelper.java:124)
at org.testng.internal.Invoker.invokeMethod(Invoker.java:583)
at org.testng.internal.Invoker.invokeTestMethod(Invoker.java:719)
at org.testng.internal.Invoker.invokeTestMethods(Invoker.java:989)
at org.testng.internal.TestMethodWorker.invokeTestMethods(TestMethodWorker.java:125)
at org.testng.internal.TestMethodWorker.run(TestMethodWorker.java:109)
at org.testng.TestRunner.privateRun(TestRunner.java:648)
at org.testng.TestRunner.run(TestRunner.java:505)
at org.testng.SuiteRunner.runTest(SuiteRunner.java:455)
at org.testng.SuiteRunner.runSequentially(SuiteRunner.java:450)
at org.testng.SuiteRunner.privateRun(SuiteRunner.java:415)
at org.testng.SuiteRunner.run(SuiteRunner.java:364)
at org.testng.SuiteRunnerWorker.runSuite(SuiteRunnerWorker.java:52)
at org.testng.SuiteRunnerWorker.run(SuiteRunnerWorker.java:84)
at org.testng.TestNG.runSuitesSequentially(TestNG.java:1208)
at org.testng.TestNG.runSuitesLocally(TestNG.java:1137)
at org.testng.TestNG.runSuites(TestNG.java:1049)
at org.testng.TestNG.run(TestNG.java:1017)
at org.apache.maven.surefire.testng.TestNGExecutor.run(TestNGExecutor.java:283)
at org.apache.maven.surefire.testng.TestNGXmlTestSuite.execute(TestNGXmlTestSuite.java:75)
at org.apache.maven.surefire.testng.TestNGProvider.invoke(TestNGProvider.java:120)
at org.apache.maven.surefire.booter.ForkedBooter.invokeProviderInSameClassLoader(ForkedBooter.java:384)
at org.apache.maven.surefire.booter.ForkedBooter.runSuitesInProcess(ForkedBooter.java:345)
at org.apache.maven.surefire.booter.ForkedBooter.execute(ForkedBooter.java:126)
at org.apache.maven.surefire.booter.ForkedBooter.main(ForkedBooter.java:418)
]]>
            </full-stacktrace>
          </exception> <!-- java.lang.AssertionError -->
          <reporter-output>
          </reporter-output>
        </test-method> <!-- postCountry -->
        <test-method status="PASS" signature="teardown()[pri:0, instance:com.testautomation.apitest.PostCountryTest@3ffc5af1]" name="teardown" is-config="true" duration-ms="0" started-at="2019-10-21T21:22:14Z" finished-at="2019-10-21T21:22:14Z">
          <reporter-output>
          </reporter-output>
        </test-method> <!-- teardown -->
      </class> <!-- com.testautomation.apitest.PostCountryTest -->
    </test> <!-- PostCountryTest_APINotYetDeveloped -->
  </suite> <!-- SuiteAPI -->
</testng-results>
